Build started 2016-01-06 19:45:02.
     1>Project "C:\Users\Diego\Desktop\projekt z sieci\tictoetac\tictactoe\tictactoe.vcxproj" on node 2 (Build target(s)).
     1>CustomBuild:
         Moc'ing tictactoe.h...
         Uic'ing tictactoe.ui...
         Rcc'ing tictactoe.qrc...
     1>RCC : warning : No resources in 'C:\Users\Diego\Desktop\projekt z sieci\tictoetac\tictactoe\tictactoe.qrc'.
         
       ClCompile:
         C:\Program Files (x86)\VisualStudio\VC\bin\x86_amd64\CL.exe /c /I.\GeneratedFiles /I. /IC:\Qt\Qt5.5.1\5.5\msvc2013_64\include /I.\GeneratedFiles\Release /IC:\Qt\Qt5.5.1\5.5\msvc2013_64\include\QtCore /IC:\Qt\Qt5.5.1\5.5\msvc2013_64\include\QtGui /IC:\Qt\Qt5.5.1\5.5\msvc2013_64\include\QtWidgets /nologo /W1 /WX- /O2 /D UNICODE /D WIN32 /D WIN64 /D QT_DLL /D QT_NO_DEBUG /D NDEBUG /D QT_CORE_LIB /D QT_GUI_LIB /D QT_WIDGETS_LIB /Gm- /EHsc /MD /GS /fp:precise /Zc:wchar_t /Zc:forScope /Fo"x64\Release\\" /Fd"x64\Release\vc120.pdb" /Gd /TP /errorReport:prompt GeneratedFiles\qrc_tictactoe.cpp
         qrc_tictactoe.cpp
         C:\Program Files (x86)\VisualStudio\VC\bin\x86_amd64\CL.exe /c /I.\GeneratedFiles /I. /IC:\Qt\Qt5.5.1\5.5\msvc2013_64\include /I.\GeneratedFiles\Release /IC:\Qt\Qt5.5.1\5.5\msvc2013_64\include\QtCore /IC:\Qt\Qt5.5.1\5.5\msvc2013_64\include\QtGui /IC:\Qt\Qt5.5.1\5.5\msvc2013_64\include\QtWidgets /nologo /W1 /WX- /O2 /D UNICODE /D WIN32 /D WIN64 /D QT_DLL /D QT_NO_DEBUG /D NDEBUG /D QT_CORE_LIB /D QT_GUI_LIB /D QT_WIDGETS_LIB /Gm- /EHsc /MD /GS /fp:precise /Zc:wchar_t /Zc:forScope /Fo"x64\Release\\" /Fd"x64\Release\vc120.pdb" /Gd /TP /errorReport:prompt GeneratedFiles\Release\moc_tictactoe.cpp main.cpp tictactoe.cpp
         moc_tictactoe.cpp
         main.cpp
         tictactoe.cpp
         Generating Code...
       Link:
         C:\Program Files (x86)\VisualStudio\VC\bin\x86_amd64\link.exe /ERRORREPORT:PROMPT /OUT:"C:\Users\Diego\Desktop\projekt z sieci\tictoetac\x64\Release\\tictactoe.exe" /NOLOGO /LIBPATH:C:\Qt\Qt5.5.1\5.5\msvc2013_64\lib qtmain.lib Qt5Core.lib Qt5Gui.lib Qt5Widgets.lib kernel32.lib user32.lib gdi32.lib winspool.lib comdlg32.lib advapi32.lib shell32.lib ole32.lib oleaut32.lib uuid.lib odbc32.lib odbccp32.lib /MANIFEST /MANIFESTUAC:"level='asInvoker' uiAccess='false'" /manifest:embed /PDB:"C:\Users\Diego\Desktop\projekt z sieci\tictoetac\x64\Release\tictactoe.pdb" /SUBSYSTEM:WINDOWS /TLBID:1 /DYNAMICBASE /NXCOMPAT /IMPLIB:"C:\Users\Diego\Desktop\projekt z sieci\tictoetac\x64\Release\tictactoe.lib" /MACHINE:X64 x64\Release\qrc_tictactoe.obj
         x64\Release\moc_tictactoe.obj
         x64\Release\main.obj
         x64\Release\tictactoe.obj
         tictactoe.vcxproj -> C:\Users\Diego\Desktop\projekt z sieci\tictoetac\x64\Release\tictactoe.exe
     1>Done Building Project "C:\Users\Diego\Desktop\projekt z sieci\tictoetac\tictactoe\tictactoe.vcxproj" (Build target(s)).

Build succeeded.

Time Elapsed 00:00:03.09
