Build started 2016-01-04 18:33:45.
     1>Project "C:\Users\Mazi\Documents\Visual Studio 2013\Projects\tictactoe\tictactoe\tictactoe.vcxproj" on node 2 (Build target(s)).
     1>CustomBuild:
         Moc'ing tictactoe.h...
         Uic'ing tictactoe.ui...
         Rcc'ing tictactoe.qrc...
     1>RCC : warning : No resources in 'C:\Users\Mazi\Documents\Visual Studio 2013\Projects\tictactoe\tictactoe\tictactoe.qrc'.
         
       ClCompile:
         C:\Program Files (x86)\Microsoft Visual Studio 12.0\VC\bin\x86_amd64\CL.exe /c /I.\GeneratedFiles /I. /IC:\Qt\Qt5.5.1\5.5\msvc2013_64\include /I.\GeneratedFiles\Debug /IC:\Qt\Qt5.5.1\5.5\msvc2013_64\include\QtCore /IC:\Qt\Qt5.5.1\5.5\msvc2013_64\include\QtGui /IC:\Qt\Qt5.5.1\5.5\msvc2013_64\include\QtWidgets /Zi /nologo /W1 /WX- /Od /D UNICODE /D WIN32 /D WIN64 /D QT_DLL /D QT_CORE_LIB /D QT_GUI_LIB /D QT_WIDGETS_LIB /Gm- /EHsc /MDd /GS /fp:precise /Zc:wchar_t /Zc:forScope /Fo"x64\Debug\\" /Fd"x64\Debug\vc120.pdb" /Gd /TP /errorReport:prompt GeneratedFiles\Debug\moc_tictactoe.cpp main.cpp tictactoe.cpp
         moc_tictactoe.cpp
         main.cpp
         tictactoe.cpp
         Generating Code...
         C:\Program Files (x86)\Microsoft Visual Studio 12.0\VC\bin\x86_amd64\CL.exe /c /I.\GeneratedFiles /I. /IC:\Qt\Qt5.5.1\5.5\msvc2013_64\include /I.\GeneratedFiles\Debug /IC:\Qt\Qt5.5.1\5.5\msvc2013_64\include\QtCore /IC:\Qt\Qt5.5.1\5.5\msvc2013_64\include\QtGui /IC:\Qt\Qt5.5.1\5.5\msvc2013_64\include\QtWidgets /Zi /nologo /W1 /WX- /Od /D UNICODE /D WIN32 /D WIN64 /D QT_DLL /D QT_CORE_LIB /D QT_GUI_LIB /D QT_WIDGETS_LIB /Gm- /EHsc /MDd /GS /fp:precise /Zc:wchar_t /Zc:forScope /Fo"x64\Debug\\" /Fd"x64\Debug\vc120.pdb" /Gd /TP /errorReport:prompt GeneratedFiles\qrc_tictactoe.cpp
         qrc_tictactoe.cpp
       Link:
         C:\Program Files (x86)\Microsoft Visual Studio 12.0\VC\bin\x86_amd64\link.exe /ERRORREPORT:PROMPT /OUT:"C:\Users\Mazi\Documents\Visual Studio 2013\Projects\tictactoe\x64\Debug\\tictactoe.exe" /NOLOGO /LIBPATH:C:\Qt\Qt5.5.1\5.5\msvc2013_64\lib qtmaind.lib Qt5Cored.lib Qt5Guid.lib Qt5Widgetsd.lib kernel32.lib user32.lib gdi32.lib winspool.lib comdlg32.lib advapi32.lib shell32.lib ole32.lib oleaut32.lib uuid.lib odbc32.lib odbccp32.lib /MANIFEST /MANIFESTUAC:"level='asInvoker' uiAccess='false'" /manifest:embed /DEBUG /PDB:"C:\Users\Mazi\Documents\Visual Studio 2013\Projects\tictactoe\x64\Debug\tictactoe.pdb" /SUBSYSTEM:WINDOWS /TLBID:1 /DYNAMICBASE /NXCOMPAT /IMPLIB:"C:\Users\Mazi\Documents\Visual Studio 2013\Projects\tictactoe\x64\Debug\tictactoe.lib" /MACHINE:X64 x64\Debug\moc_tictactoe.obj
         x64\Debug\qrc_tictactoe.obj
         x64\Debug\main.obj
         x64\Debug\tictactoe.obj
         tictactoe.vcxproj -> C:\Users\Mazi\Documents\Visual Studio 2013\Projects\tictactoe\x64\Debug\tictactoe.exe
     1>Done Building Project "C:\Users\Mazi\Documents\Visual Studio 2013\Projects\tictactoe\tictactoe\tictactoe.vcxproj" (Build target(s)).

Build succeeded.

Time Elapsed 00:00:04.42
